<?xml version="1.0" encoding="UTF-8"?>
<!-- Generated by org.testng.reporters.JUnitXMLReporter -->
<testsuite hostname="MMH10065" name="Test" tests="3" failures="0" timestamp="20 Apr 2022 20:42:45 GMT" time="11.634"
           errors="0">
    <testcase name="pre_Login_Test" time="7.638" classname="com.mmhayes.test_cases.TC001_MYQC_Pre_Login_Test"/>
    <testcase name="login_Test" time="2.291" classname="com.mmhayes.test_cases.TC002_Login_Prepaid_Test"/>
    <testcase name="pointDonationTest" time="1.669" classname="com.mmhayes.test_cases.TC005_PointDonation_Test"/>
</testsuite> <!-- Test -->
