<?xml version="1.0" encoding="UTF-8"?>
<!-- Generated by org.testng.reporters.JUnitXMLReporter -->
<testsuite hostname="MMH10065" name="MYQC_Browser_Regression" tests="4" failures="0"
           timestamp="14 Apr 2022 18:48:38 GMT" time="64.451" errors="0">
    <testcase name="pre_Login_Test" time="10.483" classname="com.mmhayes.test_cases.TC001_MYQC_Pre_Login_Test"/>
    <testcase name="login_Test" time="5.351" classname="com.mmhayes.test_cases.TC002_Login_Prepaid_Test"/>
    <testcase name="online_Ordering_Page_Test" time="14.756"
              classname="com.mmhayes.test_cases.TC003_Online_Ordering_Page_Test"/>
    <testcase name="cafeteria_Page_Test" time="33.812" classname="com.mmhayes.test_cases.TC004_Cafeteria_Page_Test"/>
</testsuite> <!-- MYQC_Browser_Regression -->
